<?xml version="1.0" encoding="UTF-8" ?>
<testsuites>
  <testsuite errors="0" failures="0" id="0" name="pytest" package="" skips="0" tests="22" time="1.083">
    <testcase classname="autoclass.tests.test_autocode_cl.TestAutoArgs" file="autoclass/tests/test_autocode_cl.py" line="112" name="test_autoargs_exclude" time="0.002104043960571289" />
    <testcase classname="autoclass.tests.test_autocode_cl.TestAutoArgs" file="autoclass/tests/test_autocode_cl.py" line="93" name="test_autoargs_include" time="0.003116607666015625" />
    <testcase classname="autoclass.tests.test_autocode_cl.TestAutoArgs" file="autoclass/tests/test_autocode_cl.py" line="133" name="test_autoargs_include_exclude" time="0.0013854503631591797" />
    <testcase classname="autoclass.tests.test_autocode_cl.TestAutoArgs" file="autoclass/tests/test_autocode_cl.py" line="141" name="test_autoargs_include_exclude_typos" time="0.0009243488311767578" />
    <testcase classname="autoclass.tests.test_autocode_cl.TestAutoArgs" file="autoclass/tests/test_autocode_cl.py" line="77" name="test_autoargs_noarg" time="0.0032837390899658203" />
    <testcase classname="autoclass.tests.test_autocode_cl.TestAutoArgs" file="autoclass/tests/test_autocode_cl.py" line="25" name="test_autoargs_signature_preserving" time="0.002129793167114258" />
    <testcase classname="autoclass.tests.test_autocode_cl.TestAutoArgs" file="autoclass/tests/test_autocode_cl.py" line="9" name="test_autoargs_simple" time="0.0026552677154541016" />
    <testcase classname="autoclass.tests.test_autocode_cl.TestAutoArgs" file="autoclass/tests/test_autocode_cl.py" line="36" name="test_autoargs_varargs" time="0.002234935760498047" />
    <testcase classname="autoclass.tests.test_autocode_cl.TestAutoArgs" file="autoclass/tests/test_autocode_cl.py" line="55" name="test_autoargs_varargs_kwvarargs" time="0.002214193344116211" />
    <testcase classname="autoclass.tests.test_autocode_cl.TestAutoProps" file="autoclass/tests/test_autocode_cl.py" line="188" name="test_autoprop_contract_slow" time="0.4140625">
      <system-out>         288658 function calls (265070 primitive calls) in 0.345 seconds

   Ordered by: standard name

   ncalls  tottime  percall  cumtime  percall filename:lineno(function)
       70    0.000    0.000    0.000    0.000 &lt;frozen importlib._bootstrap&gt;:119(release)
       42    0.000    0.000    0.000    0.000 &lt;frozen importlib._bootstrap&gt;:159(__init__)
       42    0.000    0.000    0.001    0.000 &lt;frozen importlib._bootstrap&gt;:163(__enter__)
       42    0.000    0.000    0.000    0.000 &lt;frozen importlib._bootstrap&gt;:170(__exit__)
       70    0.000    0.000    0.001    0.000 &lt;frozen importlib._bootstrap&gt;:176(_get_module_lock)
       42    0.000    0.000    0.000    0.000 &lt;frozen importlib._bootstrap&gt;:190(cb)
       28    0.000    0.000    0.000    0.000 &lt;frozen importlib._bootstrap&gt;:195(_lock_unlock_module)
     42/1    0.000    0.000    0.342    0.342 &lt;frozen importlib._bootstrap&gt;:214(_call_with_frames_removed)
       42    0.000    0.000    0.000    0.000 &lt;frozen importlib._bootstrap&gt;:225(_verbose_message)
       42    0.000    0.000    0.000    0.000 &lt;frozen importlib._bootstrap&gt;:310(__init__)
       42    0.000    0.000    0.000    0.000 &lt;frozen importlib._bootstrap&gt;:314(__enter__)
       42    0.000    0.000    0.000    0.000 &lt;frozen importlib._bootstrap&gt;:321(__exit__)
      168    0.000    0.000    0.000    0.000 &lt;frozen importlib._bootstrap&gt;:324(&lt;genexpr&gt;)
       42    0.000    0.000    0.000    0.000 &lt;frozen importlib._bootstrap&gt;:35(_new_module)
       42    0.000    0.000    0.000    0.000 &lt;frozen importlib._bootstrap&gt;:372(__init__)
       84    0.000    0.000    0.001    0.000 &lt;frozen importlib._bootstrap&gt;:406(cached)
       42    0.000    0.000    0.000    0.000 &lt;frozen importlib._bootstrap&gt;:419(parent)
       42    0.000    0.000    0.000    0.000 &lt;frozen importlib._bootstrap&gt;:427(has_location)
       42    0.000    0.000    0.002    0.000 &lt;frozen importlib._bootstrap&gt;:510(_init_module_attrs)
       42    0.000    0.000    0.002    0.000 &lt;frozen importlib._bootstrap&gt;:570(module_from_spec)
     42/1    0.000    0.000    0.343    0.343 &lt;frozen importlib._bootstrap&gt;:659(_load_unlocked)
       42    0.000    0.000    0.000    0.000 &lt;frozen importlib._bootstrap&gt;:716(find_spec)
       42    0.000    0.000    0.000    0.000 &lt;frozen importlib._bootstrap&gt;:74(__init__)
       42    0.000    0.000    0.000    0.000 &lt;frozen importlib._bootstrap&gt;:789(find_spec)
      168    0.000    0.000    0.000    0.000 &lt;frozen importlib._bootstrap&gt;:852(__enter__)
      168    0.000    0.000    0.000    0.000 &lt;frozen importlib._bootstrap&gt;:856(__exit__)
       42    0.000    0.000    0.009    0.000 &lt;frozen importlib._bootstrap&gt;:870(_find_spec_legacy)
       42    0.001    0.000    0.015    0.000 &lt;frozen importlib._bootstrap&gt;:879(_find_spec)
     42/1    0.000    0.000    0.344    0.344 &lt;frozen importlib._bootstrap&gt;:939(_find_and_load_unlocked)
       70    0.000    0.000    0.000    0.000 &lt;frozen importlib._bootstrap&gt;:94(acquire)
     42/1    0.000    0.000    0.345    0.345 &lt;frozen importlib._bootstrap&gt;:966(_find_and_load)
      441    0.000    0.000    0.001    0.000 &lt;frozen importlib._bootstrap&gt;:996(_handle_fromlist)
        3    0.000    0.000    0.000    0.000 &lt;frozen importlib._bootstrap_external&gt;:1055(_path_hooks)
       66    0.000    0.000    0.000    0.000 &lt;frozen importlib._bootstrap_external&gt;:1072(_path_importer_cache)
       42    0.000    0.000    0.005    0.000 &lt;frozen importlib._bootstrap_external&gt;:1109(_get_spec)
       42    0.000    0.000    0.005    0.000 &lt;frozen importlib._bootstrap_external&gt;:1141(find_spec)
        3    0.000    0.000    0.000    0.000 &lt;frozen importlib._bootstrap_external&gt;:1186(__init__)
       24    0.000    0.000    0.000    0.000 &lt;frozen importlib._bootstrap_external&gt;:1192(&lt;genexpr&gt;)
       42    0.000    0.000    0.000    0.000 &lt;frozen importlib._bootstrap_external&gt;:1218(_get_spec)
       63    0.001    0.000    0.004    0.000 &lt;frozen importlib._bootstrap_external&gt;:1223(find_spec)
        3    0.000    0.000    0.000    0.000 &lt;frozen importlib._bootstrap_external&gt;:1268(_fill_cache)
        3    0.000    0.000    0.000    0.000 &lt;frozen importlib._bootstrap_external&gt;:1309(path_hook_for_FileFinder)
       84    0.000    0.000    0.001    0.000 &lt;frozen importlib._bootstrap_external&gt;:254(cache_from_source)
       42    0.000    0.000    0.001    0.000 &lt;frozen importlib._bootstrap_external&gt;:350(_get_cached)
      345    0.000    0.000    0.000    0.000 &lt;frozen importlib._bootstrap_external&gt;:374(_verbose_message)
       42    0.000    0.000    0.000    0.000 &lt;frozen importlib._bootstrap_external&gt;:390(_check_name_wrapper)
       63    0.000    0.000    0.000    0.000 &lt;frozen importlib._bootstrap_external&gt;:41(_relax_case)
       42    0.001    0.000    0.001    0.000 &lt;frozen importlib._bootstrap_external&gt;:427(_validate_bytecode_header)
       42    0.000    0.000    0.004    0.000 &lt;frozen importlib._bootstrap_external&gt;:482(_compile_bytecode)
       84    0.000    0.000    0.000    0.000 &lt;frozen importlib._bootstrap_external&gt;:52(_r_long)
       42    0.000    0.000    0.000    0.000 &lt;frozen importlib._bootstrap_external&gt;:521(spec_from_file_location)
      360    0.001    0.000    0.001    0.000 &lt;frozen importlib._bootstrap_external&gt;:57(_path_join)
      360    0.001    0.000    0.001    0.000 &lt;frozen importlib._bootstrap_external&gt;:59(&lt;listcomp&gt;)
       84    0.000    0.000    0.000    0.000 &lt;frozen importlib._bootstrap_external&gt;:63(_path_split)
       42    0.000    0.000    0.000    0.000 &lt;frozen importlib._bootstrap_external&gt;:664(create_module)
     42/1    0.000    0.000    0.343    0.343 &lt;frozen importlib._bootstrap_external&gt;:667(exec_module)
       42    0.001    0.000    0.009    0.000 &lt;frozen importlib._bootstrap_external&gt;:737(get_code)
      159    0.000    0.000    0.001    0.000 &lt;frozen importlib._bootstrap_external&gt;:75(_path_stat)
       42    0.000    0.000    0.000    0.000 &lt;frozen importlib._bootstrap_external&gt;:794(__init__)
       42    0.000    0.000    0.000    0.000 &lt;frozen importlib._bootstrap_external&gt;:819(get_filename)
       42    0.001    0.000    0.002    0.000 &lt;frozen importlib._bootstrap_external&gt;:824(get_data)
       42    0.000    0.000    0.000    0.000 &lt;frozen importlib._bootstrap_external&gt;:834(path_stats)
       54    0.000    0.000    0.000    0.000 &lt;frozen importlib._bootstrap_external&gt;:85(_path_is_mode_type)
       51    0.000    0.000    0.000    0.000 &lt;frozen importlib._bootstrap_external&gt;:94(_path_isfile)
        3    0.000    0.000    0.000    0.000 &lt;frozen importlib._bootstrap_external&gt;:99(_path_isdir)
        1    0.000    0.000    0.345    0.345 &lt;string&gt;:1(&lt;module&gt;)
        5    0.000    0.000    0.000    0.000 &lt;string&gt;:12(__new__)
        3    0.000    0.000    0.743    0.248 __init__.py:1(&lt;module&gt;)
        1    0.000    0.000    0.000    0.000 __init__.py:1133(getLogger)
        1    0.000    0.000    0.000    0.000 __init__.py:1184(_fixupParents)
        1    0.000    0.000    0.000    0.000 __init__.py:1240(__init__)
        1    0.000    0.000    0.000    0.000 __init__.py:1677(basicConfig)
        1    0.000    0.000    0.000    0.000 __init__.py:1775(getLogger)
        1    0.000    0.000    0.000    0.000 __init__.py:183(_checkLevel)
        2    0.000    0.000    0.000    0.000 __init__.py:212(_acquireLock)
        2    0.000    0.000    0.000    0.000 __init__.py:221(_releaseLock)
        7    0.000    0.000    0.221    0.032 __init__.py:27(new_contract)
        1    0.000    0.000    0.000    0.000 __init__.py:676(__init__)
       15    0.000    0.000    0.000    0.000 _collections_abc.py:310(__subclasshook__)
        1    0.000    0.000    0.000    0.000 _collections_abc.py:594(get)
       20    0.000    0.000    0.000    0.000 _weakrefset.py:16(__init__)
       20    0.000    0.000    0.000    0.000 _weakrefset.py:20(__enter__)
       20    0.000    0.000    0.000    0.000 _weakrefset.py:26(__exit__)
      140    0.001    0.000    0.001    0.000 _weakrefset.py:36(__init__)
       20    0.000    0.000    0.000    0.000 _weakrefset.py:52(_commit_removals)
       26    0.000    0.000    0.000    0.000 _weakrefset.py:58(__iter__)
      557    0.001    0.000    0.001    0.000 _weakrefset.py:70(__contains__)
       24    0.000    0.000    0.000    0.000 _weakrefset.py:81(add)
       41    0.001    0.000    0.003    0.000 abc.py:132(__new__)
       41    0.000    0.000    0.000    0.000 abc.py:135(&lt;setcomp&gt;)
        1    0.000    0.000    0.001    0.001 abc.py:151(register)
      459    0.001    0.000    0.002    0.000 abc.py:178(__instancecheck__)
     41/7    0.000    0.000    0.001    0.000 abc.py:194(__subclasscheck__)
        7    0.000    0.000    0.000    0.000 abc.py:9(abstractmethod)
        1    0.000    0.000    0.000    0.000 arithmetic.py:1(&lt;module&gt;)
        1    0.000    0.000    0.000    0.000 arithmetic.py:7(Binary)
        1    0.000    0.000    0.000    0.000 arithmetic.py:71(Unary)
        1    0.000    0.000    0.013    0.013 array.py:1(&lt;module&gt;)
        1    0.000    0.000    0.000    0.000 array.py:124(Shape)
        1    0.000    0.000    0.000    0.000 array.py:15(Array)
        3    0.000    0.000    0.000    0.000 array.py:17(__init__)
        3    0.000    0.000    0.000    0.000 array.py:194(np_composite)
        3    0.000    0.000    0.000    0.000 array.py:195(&lt;listcomp&gt;)
        1    0.000    0.000    0.000    0.000 array.py:198(np_uint)
        1    0.000    0.000    0.000    0.000 array.py:201(np_int)
        1    0.000    0.000    0.000    0.000 array.py:204(np_float)
        1    0.000    0.000    0.000    0.000 array.py:228(my_delim_list2)
        3    0.000    0.000    0.000    0.000 array.py:47(parse_action)
        1    0.000    0.000    0.000    0.000 array.py:60(ShapeContract)
        1    0.000    0.000    0.002    0.002 array_ops.py:1(&lt;module&gt;)
        1    0.000    0.000    0.000    0.000 array_ops.py:137(ArrayConstraint)
        1    0.000    0.000    0.000    0.000 array_ops.py:182(DType)
       12    0.000    0.000    0.000    0.000 array_ops.py:184(__init__)
       13    0.000    0.000    0.000    0.000 array_ops.py:205(parse_action)
        1    0.000    0.000    0.000    0.000 array_ops.py:40(ArrayLogical)
        3    0.000    0.000    0.000    0.000 array_ops.py:41(__init__)
        1    0.000    0.000    0.000    0.000 array_ops.py:56(ArrayOR)
        3    0.000    0.000    0.000    0.000 array_ops.py:57(__init__)
        1    0.000    0.000    0.000    0.000 array_ops.py:9(ArrayElementsTest)
        1    0.000    0.000    0.000    0.000 array_ops.py:90(ArrayORCustomString)
        3    0.000    0.000    0.000    0.000 array_ops.py:91(__init__)
        1    0.000    0.000    0.000    0.000 array_ops.py:99(ArrayAnd)
        1    0.000    0.000    0.002    0.002 attributes.py:1(&lt;module&gt;)
        1    0.000    0.000    0.000    0.000 attributes.py:7(Attr)
        1    0.000    0.000    0.000    0.000 backported.py:1(&lt;module&gt;)
        1    0.000    0.000    0.000    0.000 backported.py:144(&lt;listcomp&gt;)
        1    0.000    0.000    0.000    0.000 backported.py:53(getcallargs)
        1    0.000    0.000    0.000    0.000 backported.py:74(assign)
        1    0.000    0.000    0.000    0.000 backported.py:94(is_assigned)
        3    0.000    0.000    0.000    0.000 codecs.py:259(__init__)
        3    0.000    0.000    0.000    0.000 codecs.py:308(__init__)
       30    0.000    0.000    0.000    0.000 codecs.py:318(decode)
       41    0.000    0.000    0.000    0.000 common.py:13(fspath)
      123    0.000    0.000    0.001    0.000 common.py:130(basename)
       82    0.000    0.000    0.002    0.000 common.py:232(fnmatch)
       82    0.000    0.000    0.000    0.000 common.py:425(__init__)
       82    0.000    0.000    0.001    0.000 common.py:428(__call__)
        1    0.000    0.000    0.002    0.002 comparison.py:1(&lt;module&gt;)
        1    0.000    0.000    0.000    0.000 comparison.py:8(CheckOrder)
        1    0.000    0.000    0.010    0.010 compositions.py:1(&lt;module&gt;)
        9    0.000    0.000    0.001    0.000 compositions.py:100(parse_action)
        1    0.000    0.000    0.000    0.000 compositions.py:11(Logical)
        1    0.000    0.000    0.000    0.000 compositions.py:113(And)
        3    0.000    0.000    0.000    0.000 compositions.py:114(__init__)
       12    0.000    0.000    0.000    0.000 compositions.py:12(__init__)
        3    0.000    0.000    0.000    0.000 compositions.py:129(parse_action)
        1    0.000    0.000    0.000    0.000 compositions.py:142(Not)
       11    0.000    0.000    0.000    0.000 compositions.py:176(&lt;lambda&gt;)
        1    0.000    0.000    0.000    0.000 compositions.py:25(OR)
        9    0.000    0.000    0.000    0.000 compositions.py:26(__init__)
      602    0.004    0.000    0.006    0.000 copy.py:269(_reconstruct)
      602    0.002    0.000    0.010    0.000 copy.py:67(copy)
      602    0.000    0.000    0.001    0.000 copyreg.py:87(__newobj__)
       20    0.000    0.000    0.000    0.000 copyreg.py:96(_slotnames)
        1    0.000    0.000    0.001    0.001 dicts.py:1(&lt;module&gt;)
        1    0.000    0.000    0.000    0.000 dicts.py:6(Dict)
        1    0.000    0.000    0.000    0.000 docstring_parsing.py:1(&lt;module&gt;)
        1    0.000    0.000    0.000    0.000 docstring_parsing.py:21(DocStringInfo)
        1    0.000    0.000    0.000    0.000 docstring_parsing.py:4(Arg)
        1    0.000    0.000    0.000    0.000 dummy.py:1(&lt;module&gt;)
        1    0.000    0.000    0.000    0.000 dummy.py:25(Never)
        1    0.000    0.000    0.000    0.000 dummy.py:5(Any)
        1    0.000    0.000    0.000    0.000 enabling.py:1(&lt;module&gt;)
        1    0.000    0.000    0.000    0.000 enabling.py:5(Switches)
        1    0.000    0.000    0.004    0.004 extensions.py:1(&lt;module&gt;)
       16    0.000    0.000    0.000    0.000 extensions.py:101(__init__)
       14    0.000    0.000    0.001    0.000 extensions.py:11(__init__)
        1    0.000    0.000    0.000    0.000 extensions.py:155(CheckCallableWithSelf)
       25    0.000    0.000    0.002    0.000 extensions.py:50(parse_action)
        1    0.000    0.000    0.000    0.000 extensions.py:8(Extension)
        1    0.000    0.000    0.000    0.000 extensions.py:99(CheckCallable)
        1    0.000    0.000    0.000    0.000 files.py:15(File)
        1    0.000    0.000    0.000    0.000 files.py:3(&lt;module&gt;)
       82    0.000    0.000    0.001    0.000 fnmatch.py:19(fnmatch)
       82    0.000    0.000    0.000    0.000 fnmatch.py:64(fnmatchcase)
      181    0.000    0.000    0.001    0.000 genericpath.py:27(isfile)
       26    0.000    0.000    0.000    0.000 imp.py:105(get_suffixes)
       26    0.000    0.000    0.000    0.000 imp.py:107(&lt;listcomp&gt;)
       26    0.000    0.000    0.000    0.000 imp.py:108(&lt;listcomp&gt;)
       26    0.000    0.000    0.000    0.000 imp.py:109(&lt;listcomp&gt;)
        3    0.001    0.000    0.004    0.001 imp.py:254(find_module)
        5    0.000    0.000    0.000    0.000 inspect.py:1051(getfullargspec)
       15    0.000    0.000    0.000    0.000 inspect.py:158(isfunction)
        5    0.000    0.000    0.000    0.000 inspect.py:2066(_signature_from_function)
        5    0.000    0.000    0.000    0.000 inspect.py:2147(_signature_from_callable)
        5    0.000    0.000    0.000    0.000 inspect.py:2400(__init__)
       10    0.000    0.000    0.000    0.000 inspect.py:2435(name)
        5    0.000    0.000    0.000    0.000 inspect.py:2439(default)
        5    0.000    0.000    0.000    0.000 inspect.py:2443(annotation)
        5    0.000    0.000    0.000    0.000 inspect.py:2447(kind)
        5    0.000    0.000    0.000    0.000 inspect.py:2665(__init__)
       10    0.000    0.000    0.000    0.000 inspect.py:2710(&lt;genexpr&gt;)
        5    0.000    0.000    0.000    0.000 inspect.py:2740(parameters)
        5    0.000    0.000    0.000    0.000 inspect.py:2744(return_annotation)
        6    0.000    0.000    0.000    0.000 inspect.py:80(ismethod)
        1    0.000    0.000    0.000    0.000 inspection.py:1(&lt;module&gt;)
        1    0.000    0.000    0.000    0.000 inspection.py:108(InvalidArgs)
       14    0.000    0.000    0.000    0.000 inspection.py:11(can_be_used_as_a_type)
        1    0.000    0.000    0.000    0.000 inspection.py:111(check_callable_accepts_these_arguments)
        5    0.000    0.000    0.000    0.000 inspection.py:50(get_f_from_callable)
        4    0.000    0.000    0.000    0.000 inspection.py:62(get_callable_fullargspec)
        2    0.000    0.000    0.000    0.000 inspection.py:67(can_accept_at_least_one_argument)
        2    0.000    0.000    0.000    0.000 inspection.py:76(can_accept_self)
       52    0.001    0.000    0.002    0.000 interface.py:133(line_and_col)
       52    0.000    0.000    0.001    0.000 interface.py:176(location)
       52    0.000    0.000    0.000    0.000 interface.py:183(&lt;genexpr&gt;)
        1    0.000    0.000    0.000    0.000 interface.py:196(ContractException)
        1    0.000    0.000    0.000    0.000 interface.py:199(MissingContract)
        1    0.000    0.000    0.001    0.001 interface.py:2(&lt;module&gt;)
        1    0.000    0.000    0.000    0.000 interface.py:202(ContractDefinitionError)
       52    0.001    0.000    0.003    0.000 interface.py:21(__init__)
        1    0.000    0.000    0.000    0.000 interface.py:210(ExternalScopedVariableNotFound)
        1    0.000    0.000    0.000    0.000 interface.py:222(CannotDecorateClassmethods)
        1    0.000    0.000    0.000    0.000 interface.py:226(ContractSyntaxError)
       11    0.000    0.000    0.000    0.000 interface.py:229(__init__)
        1    0.000    0.000    0.000    0.000 interface.py:243(ContractNotRespected)
        1    0.000    0.000    0.000    0.000 interface.py:309(RValue)
        1    0.000    0.000    0.000    0.000 interface.py:338(Contract)
       81    0.000    0.000    0.001    0.000 interface.py:340(__init__)
       81    0.000    0.000    0.000    0.000 interface.py:346(enable)
       41    0.000    0.000    0.001    0.000 interface.py:78(__str__)
        1    0.000    0.000    0.000    0.000 interface.py:8(Where)
       41    0.001    0.000    0.001    0.000 interface.py:82(format_where)
        1    0.000    0.000    0.001    0.001 isinstance_imp.py:1(&lt;module&gt;)
        1    0.000    0.000    0.000    0.000 isinstance_imp.py:7(IsInstance)
      324    0.000    0.000    0.000    0.000 linecache.py:147(lazycache)
      324    0.000    0.000    0.003    0.000 linecache.py:15(getline)
      324    0.000    0.000    0.002    0.000 linecache.py:37(getlines)
      108    0.000    0.000    0.001    0.000 linecache.py:53(checkcache)
        1    0.000    0.000    0.002    0.002 linecache.py:82(updatecache)
        1    0.000    0.000    0.001    0.001 lists.py:1(&lt;module&gt;)
        1    0.000    0.000    0.000    0.000 lists.py:6(List)
       41    0.000    0.000    0.001    0.000 local.py:138(__init__)
      123    0.000    0.000    0.001    0.000 local.py:280(_getbyspec)
       41    0.000    0.000    0.000    0.000 local.py:591(__str__)
        1    0.000    0.000    0.008    0.008 main.py:1(&lt;module&gt;)
       11    0.000    0.000    0.329    0.030 main.py:479(new_contract)
       11    0.000    0.000    0.329    0.030 main.py:538(new_contract_impl)
       41    0.000    0.000    0.000    0.000 main.py:583(isinitpath)
        1    0.000    0.000    0.000    0.000 main.py:64(Storage)
       20    0.000    0.000    0.217    0.011 main.py:648(parse_contract_string)
        9    0.000    0.000    0.000    0.000 main.py:68(_cacheable)
       20    0.000    0.000    0.000    0.000 main.py:74(is_param_string)
       20    0.000    0.000    0.000    0.000 main.py:77(check_param_is_string)
        1    0.000    0.000    0.000    0.000 main_actual.py:15(&lt;module&gt;)
       20    0.000    0.000    0.217    0.011 main_actual.py:15(parse_contract_string_actual)
        1    0.000    0.000    0.001    0.001 map.py:1(&lt;module&gt;)
        1    0.000    0.000    0.000    0.000 map.py:7(Map)
        1    0.000    0.000    0.000    0.000 metaclass.py:1(&lt;module&gt;)
        1    0.000    0.000    0.000    0.000 metaclass.py:15(ContractsMeta)
        2    0.000    0.000    0.000    0.000 metaclass.py:87(with_metaclass)
        2    0.000    0.000    0.000    0.000 metaclass.py:97(metaclass)
        2    0.000    0.000    0.000    0.000 metaclass.py:98(__new__)
        1    0.000    0.000    0.000    0.000 miscellaneous_aliases.py:1(&lt;module&gt;)
       14    0.000    0.000    0.000    0.000 miscellaneous_aliases.py:13(m_new_contract)
       12    0.000    0.000    0.000    0.000 miscellaneous_aliases.py:5(ist)
        1    0.000    0.000    0.108    0.108 numbers.py:1(&lt;module&gt;)
        1    0.000    0.000    0.221    0.221 numpy_specific.py:1(&lt;module&gt;)
        1    0.000    0.000    0.000    0.000 os.py:720(__getitem__)
        1    0.000    0.000    0.000    0.000 os.py:796(encode)
       42    0.000    0.000    0.000    0.000 pluggy.py:197(processmessage)
       42    0.000    0.000    0.000    0.000 pluggy.py:222(__call__)
       41    0.000    0.000    0.001    0.000 posixpath.py:319(normpath)
       41    0.000    0.000    0.001    0.000 posixpath.py:356(abspath)
      288    0.000    0.000    0.000    0.000 posixpath.py:39(_get_sep)
      164    0.000    0.000    0.000    0.000 posixpath.py:50(normcase)
       41    0.000    0.000    0.000    0.000 posixpath.py:61(isabs)
      247    0.001    0.000    0.001    0.000 posixpath.py:71(join)
      109    0.001    0.000    0.010    0.000 pyparsing.py:1016(_trim_arity)
      108    0.000    0.000    0.009    0.000 pyparsing.py:1024(extract_stack)
       78    0.000    0.000    0.021    0.000 pyparsing.py:1046(wrapper)
        1    0.000    0.000    0.000    0.000 pyparsing.py:1080(ParserElement)
     1025    0.005    0.000    0.005    0.000 pyparsing.py:1121(__init__)
      602    0.002    0.000    0.013    0.000 pyparsing.py:1144(copy)
      109    0.000    0.000    0.000    0.000 pyparsing.py:1167(setName)
       66    0.000    0.000    0.003    0.000 pyparsing.py:1181(setResultsName)
      107    0.001    0.000    0.011    0.000 pyparsing.py:1227(setParseAction)
        2    0.000    0.000    0.000    0.000 pyparsing.py:1265(addParseAction)
        1    0.000    0.000    0.000    0.000 pyparsing.py:1275(addCondition)
     4645    0.005    0.000    0.005    0.000 pyparsing.py:1328(preParse)
       20    0.000    0.000    0.000    0.000 pyparsing.py:1340(parseImpl)
     1321    0.000    0.000    0.000    0.000 pyparsing.py:1343(postParse)
  8451/53    0.030    0.000    0.212    0.004 pyparsing.py:1347(_parseNoCache)
  672/381    0.001    0.000    0.050    0.000 pyparsing.py:1419(tryParse)
       63    0.000    0.000    0.003    0.000 pyparsing.py:1425(canParseNext)
        1    0.000    0.000    0.000    0.000 pyparsing.py:1433(_UnboundedCache)
        1    0.000    0.000    0.000    0.000 pyparsing.py:1456(_FifoCache)
        1    0.000    0.000    0.000    0.000 pyparsing.py:1457(__init__)
     8982    0.005    0.000    0.018    0.000 pyparsing.py:1462(get)
     8345    0.017    0.000    0.028    0.000 pyparsing.py:1465(set)
       31    0.000    0.000    0.001    0.000 pyparsing.py:1473(clear)
  8982/51    0.045    0.000    0.211    0.004 pyparsing.py:1520(_parseCache)
       33    0.000    0.000    0.001    0.000 pyparsing.py:1545(resetCache)
        1    0.000    0.000    0.000    0.000 pyparsing.py:1551(enablePackrat)
       33    0.000    0.000    0.224    0.007 pyparsing.py:1586(parseString)
        1    0.000    0.000    0.000    0.000 pyparsing.py:160(&lt;genexpr&gt;)
        1    0.000    0.000    0.000    0.000 pyparsing.py:172(_Constants)
      332    0.001    0.000    0.008    0.000 pyparsing.py:1799(__add__)
       95    0.000    0.000    0.000    0.000 pyparsing.py:180(&lt;genexpr&gt;)
        7    0.000    0.000    0.000    0.000 pyparsing.py:1819(__radd__)
        1    0.000    0.000    0.000    0.000 pyparsing.py:182(ParseBaseException)
       86    0.000    0.000    0.005    0.000 pyparsing.py:1831(__sub__)
       10    0.000    0.000    0.001    0.000 pyparsing.py:1843(__rsub__)
        3    0.000    0.000    0.000    0.000 pyparsing.py:1855(__mul__)
     9776    0.011    0.000    0.011    0.000 pyparsing.py:186(__init__)
     12/2    0.000    0.000    0.000    0.000 pyparsing.py:1904(makeOptionalList)
       47    0.000    0.000    0.001    0.000 pyparsing.py:1926(__or__)
        1    0.000    0.000    0.000    0.000 pyparsing.py:1950(__xor__)
        4    0.000    0.000    0.000    0.000 pyparsing.py:1998(__invert__)
       63    0.000    0.000    0.003    0.000 pyparsing.py:2004(__call__)
        3    0.000    0.000    0.000    0.000 pyparsing.py:2023(suppress)
      180    0.000    0.000    0.000    0.000 pyparsing.py:2030(leaveWhitespace)
      597    0.000    0.000    0.000    0.000 pyparsing.py:2039(setWhitespaceChars)
       44    0.000    0.000    0.000    0.000 pyparsing.py:205(__getattr__)
      942    0.001    0.000    0.001    0.000 pyparsing.py:2131(__str__)
      998    0.000    0.000    0.000    0.000 pyparsing.py:2137(streamline)
    17327    0.010    0.000    0.014    0.000 pyparsing.py:2182(__hash__)
    22/11    0.000    0.000    0.000    0.000 pyparsing.py:220(__str__)
        1    0.000    0.000    0.000    0.000 pyparsing.py:2342(Token)
      381    0.000    0.000    0.002    0.000 pyparsing.py:2346(__init__)
        1    0.000    0.000    0.000    0.000 pyparsing.py:2350(Empty)
      107    0.000    0.000    0.001    0.000 pyparsing.py:2354(__init__)
        1    0.000    0.000    0.000    0.000 pyparsing.py:2361(NoMatch)
        1    0.000    0.000    0.000    0.000 pyparsing.py:2376(Literal)
        1    0.000    0.000    0.000    0.000 pyparsing.py:238(ParseException)
      140    0.001    0.000    0.001    0.000 pyparsing.py:2390(__init__)
     1108    0.003    0.000    0.004    0.000 pyparsing.py:2409(parseImpl)
        1    0.000    0.000    0.000    0.000 pyparsing.py:2417(Keyword)
       52    0.001    0.000    0.001    0.000 pyparsing.py:2436(__init__)
     1336    0.003    0.000    0.004    0.000 pyparsing.py:2457(parseImpl)
        1    0.000    0.000    0.000    0.000 pyparsing.py:2482(CaselessLiteral)
        1    0.000    0.000    0.000    0.000 pyparsing.py:2493(__init__)
       38    0.000    0.000    0.000    0.000 pyparsing.py:2500(parseImpl)
        1    0.000    0.000    0.000    0.000 pyparsing.py:2505(CaselessKeyword)
        1    0.000    0.000    0.000    0.000 pyparsing.py:2523(CloseMatch)
        1    0.000    0.000    0.000    0.000 pyparsing.py:2584(Word)
        1    0.000    0.000    0.000    0.000 pyparsing.py:259(ParseFatalException)
       20    0.000    0.000    0.003    0.000 pyparsing.py:2631(__init__)
      281    0.000    0.000    0.000    0.000 pyparsing.py:2634(&lt;genexpr&gt;)
        1    0.000    0.000    0.000    0.000 pyparsing.py:264(ParseSyntaxException)
      181    0.001    0.000    0.001    0.000 pyparsing.py:2685(parseImpl)
       72    0.000    0.000    0.000    0.000 pyparsing.py:2720(__str__)
       24    0.000    0.000    0.000    0.000 pyparsing.py:2729(charsAsStr)
        1    0.000    0.000    0.000    0.000 pyparsing.py:2743(Regex)
       35    0.000    0.000    0.004    0.000 pyparsing.py:2757(__init__)
      336    0.001    0.000    0.003    0.000 pyparsing.py:2791(parseImpl)
       78    0.000    0.000    0.000    0.000 pyparsing.py:2804(__str__)
        1    0.000    0.000    0.000    0.000 pyparsing.py:2816(QuotedString)
        1    0.000    0.000    0.000    0.000 pyparsing.py:283(RecursiveGrammarException)
        1    0.000    0.000    0.000    0.000 pyparsing.py:291(_ParseResultsWithOffset)
       10    0.000    0.000    0.000    0.000 pyparsing.py:292(__init__)
       40    0.000    0.000    0.000    0.000 pyparsing.py:294(__getitem__)
        1    0.000    0.000    0.000    0.000 pyparsing.py:2953(CharsNotIn)
        1    0.000    0.000    0.000    0.000 pyparsing.py:301(ParseResults)
        1    0.000    0.000    0.000    0.000 pyparsing.py:3024(White)
        1    0.000    0.000    0.000    0.000 pyparsing.py:3039(__init__)
        3    0.000    0.000    0.000    0.000 pyparsing.py:3042(&lt;genexpr&gt;)
        3    0.000    0.000    0.000    0.000 pyparsing.py:3044(&lt;genexpr&gt;)
        1    0.000    0.000    0.000    0.000 pyparsing.py:3075(_PositionToken)
       26    0.000    0.000    0.000    0.000 pyparsing.py:3076(__init__)
        1    0.000    0.000    0.000    0.000 pyparsing.py:3082(GoToColumn)
        1    0.000    0.000    0.000    0.000 pyparsing.py:3108(LineStart)
        1    0.000    0.000    0.000    0.000 pyparsing.py:3129(__init__)
        1    0.000    0.000    0.000    0.000 pyparsing.py:3138(LineEnd)
        3    0.000    0.000    0.000    0.000 pyparsing.py:3142(__init__)
        1    0.000    0.000    0.000    0.000 pyparsing.py:3158(StringStart)
        1    0.000    0.000    0.000    0.000 pyparsing.py:3162(__init__)
        1    0.000    0.000    0.000    0.000 pyparsing.py:3173(StringEnd)
       21    0.000    0.000    0.000    0.000 pyparsing.py:3177(__init__)
       20    0.000    0.000    0.000    0.000 pyparsing.py:3181(parseImpl)
        1    0.000    0.000    0.000    0.000 pyparsing.py:3191(WordStart)
        1    0.000    0.000    0.000    0.000 pyparsing.py:3211(WordEnd)
        1    0.000    0.000    0.000    0.000 pyparsing.py:3234(ParseExpression)
      384    0.002    0.000    0.006    0.000 pyparsing.py:3238(__init__)
      768    0.000    0.000    0.001    0.000 pyparsing.py:3248(&lt;genexpr&gt;)
    73/15    0.000    0.000    0.008    0.001 pyparsing.py:3266(leaveWhitespace)
       73    0.000    0.000    0.006    0.000 pyparsing.py:3270(&lt;listcomp&gt;)
    369/6    0.003    0.000    0.008    0.001 pyparsing.py:3297(streamline)
        7    0.000    0.000    0.002    0.000 pyparsing.py:3331(setResultsName)
   174/83    0.000    0.000    0.010    0.000 pyparsing.py:3341(copy)
   174/83    0.000    0.000    0.008    0.000 pyparsing.py:3343(&lt;listcomp&gt;)
        1    0.000    0.000    0.000    0.000 pyparsing.py:3346(And)
        1    0.000    0.000    0.000    0.000 pyparsing.py:3362(_ErrorStop)
       86    0.000    0.000    0.001    0.000 pyparsing.py:3363(__init__)
      333    0.001    0.000    0.007    0.000 pyparsing.py:3368(__init__)
      735    0.000    0.000    0.000    0.000 pyparsing.py:3370(&lt;genexpr&gt;)
  2152/53    0.006    0.000    0.208    0.004 pyparsing.py:3375(parseImpl)
     3139    0.004    0.000    0.005    0.000 pyparsing.py:340(__new__)
  444/396    0.001    0.000    0.004    0.000 pyparsing.py:3412(__str__)
1185/1173    0.001    0.000    0.002    0.000 pyparsing.py:3417(&lt;genexpr&gt;)
        1    0.000    0.000    0.000    0.000 pyparsing.py:3422(Or)
        2    0.000    0.000    0.000    0.000 pyparsing.py:3436(__init__)
       11    0.000    0.000    0.000    0.000 pyparsing.py:3439(&lt;genexpr&gt;)
       76    0.001    0.000    0.015    0.000 pyparsing.py:3443(parseImpl)
        2    0.000    0.000    0.000    0.000 pyparsing.py:3486(__str__)
3139/3134    0.010    0.000    0.011    0.000 pyparsing.py:349(__init__)
        3    0.000    0.000    0.000    0.000 pyparsing.py:3491(&lt;genexpr&gt;)
        1    0.000    0.000    0.000    0.000 pyparsing.py:3501(MatchFirst)
       49    0.000    0.000    0.001    0.000 pyparsing.py:3518(__init__)
      202    0.000    0.000    0.000    0.000 pyparsing.py:3521(&lt;genexpr&gt;)
   641/28    0.008    0.000    0.207    0.007 pyparsing.py:3525(parseImpl)
       94    0.000    0.000    0.001    0.000 pyparsing.py:3554(__str__)
      290    0.000    0.000    0.001    0.000 pyparsing.py:3559(&lt;genexpr&gt;)
        1    0.000    0.000    0.000    0.000 pyparsing.py:3569(Each)
        1    0.000    0.000    0.000    0.000 pyparsing.py:3693(ParseElementEnhance)
      260    0.001    0.000    0.003    0.000 pyparsing.py:3697(__init__)
  1547/44    0.002    0.000    0.209    0.005 pyparsing.py:3715(parseImpl)
    45/15    0.000    0.000    0.011    0.001 pyparsing.py:3721(leaveWhitespace)
    197/7    0.000    0.000    0.007    0.001 pyparsing.py:3740(streamline)
  207/205    0.001    0.000    0.001    0.000 pyparsing.py:3759(__str__)
        1    0.000    0.000    0.000    0.000 pyparsing.py:3770(FollowedBy)
       15    0.000    0.000    0.000    0.000 pyparsing.py:3787(__init__)
  457/305    0.001    0.000    0.050    0.000 pyparsing.py:3791(parseImpl)
        1    0.000    0.000    0.000    0.000 pyparsing.py:3796(NotAny)
        9    0.000    0.000    0.000    0.000 pyparsing.py:3807(__init__)
       63    0.000    0.000    0.003    0.000 pyparsing.py:3814(parseImpl)
       14    0.000    0.000    0.000    0.000 pyparsing.py:3819(__str__)
        1    0.000    0.000    0.000    0.000 pyparsing.py:3828(_MultipleMatch)
       20    0.000    0.000    0.000    0.000 pyparsing.py:3829(__init__)
    14/11    0.000    0.000    0.103    0.009 pyparsing.py:3837(parseImpl)
        1    0.000    0.000    0.000    0.000 pyparsing.py:3866(OneOrMore)
      102    0.000    0.000    0.000    0.000 pyparsing.py:388(__getitem__)
        9    0.000    0.000    0.000    0.000 pyparsing.py:3892(__str__)
        1    0.000    0.000    0.000    0.000 pyparsing.py:3901(ZeroOrMore)
        9    0.000    0.000    0.000    0.000 pyparsing.py:3913(__init__)
       18    0.000    0.000    0.000    0.000 pyparsing.py:3923(__str__)
        1    0.000    0.000    0.000    0.000 pyparsing.py:3932(_NullToken)
        1    0.000    0.000    0.000    0.000 pyparsing.py:3940(Optional)
       10    0.000    0.000    0.000    0.000 pyparsing.py:397(__setitem__)
       58    0.000    0.000    0.001    0.000 pyparsing.py:3975(__init__)
  462/310    0.001    0.000    0.090    0.000 pyparsing.py:3981(parseImpl)
       65    0.000    0.000    0.000    0.000 pyparsing.py:3995(__str__)
        1    0.000    0.000    0.000    0.000 pyparsing.py:4004(SkipTo)
       47    0.000    0.000    0.001    0.000 pyparsing.py:410(__delitem__)
        1    0.000    0.000    0.000    0.000 pyparsing.py:4119(Forward)
       60    0.000    0.000    0.001    0.000 pyparsing.py:4138(__init__)
       60    0.000    0.000    0.000    0.000 pyparsing.py:4141(__lshift__)
       48    0.000    0.000    0.000    0.000 pyparsing.py:4154(__ilshift__)
    167/5    0.000    0.000    0.007    0.001 pyparsing.py:4161(streamline)
      157    0.000    0.000    0.000    0.000 pyparsing.py:4175(__str__)
       45    0.000    0.000    0.001    0.000 pyparsing.py:4192(copy)
        1    0.000    0.000    0.000    0.000 pyparsing.py:4200(_ForwardNoRecurse)
        1    0.000    0.000    0.000    0.000 pyparsing.py:4204(TokenConverter)
       98    0.000    0.000    0.002    0.000 pyparsing.py:4208(__init__)
        1    0.000    0.000    0.000    0.000 pyparsing.py:4212(Combine)
       15    0.000    0.000    0.012    0.001 pyparsing.py:4229(__init__)
       47    0.000    0.000    0.002    0.000 pyparsing.py:4246(postParse)
        1    0.000    0.000    0.000    0.000 pyparsing.py:4256(Group)
       17    0.000    0.000    0.000    0.000 pyparsing.py:4270(__init__)
       18    0.000    0.000    0.000    0.000 pyparsing.py:4274(postParse)
        1    0.000    0.000    0.000    0.000 pyparsing.py:4277(Dict)
        6    0.000    0.000    0.000    0.000 pyparsing.py:431(__contains__)
        2    0.000    0.000    0.000    0.000 pyparsing.py:4313(__init__)
       37    0.000    0.000    0.000    0.000 pyparsing.py:434(__len__)
        1    0.000    0.000    0.000    0.000 pyparsing.py:4342(Suppress)
      191    0.000    0.000    0.000    0.000 pyparsing.py:435(__bool__)
       16    0.000    0.000    0.000    0.000 pyparsing.py:4361(postParse)
        1    0.000    0.000    0.000    0.000 pyparsing.py:4368(OnlyOnce)
       14    0.000    0.000    0.000    0.000 pyparsing.py:437(__iter__)
        4    0.000    0.000    0.001    0.000 pyparsing.py:4428(delimitedList)
      538    0.001    0.000    0.002    0.000 pyparsing.py:4543(_escapeRegexRangeChars)
       11    0.011    0.001    0.026    0.002 pyparsing.py:4551(oneOf)
    13478    0.003    0.000    0.003    0.000 pyparsing.py:4579(&lt;lambda&gt;)
    13478    0.004    0.000    0.007    0.000 pyparsing.py:4580(&lt;lambda&gt;)
      529    0.000    0.000    0.002    0.000 pyparsing.py:4613(&lt;genexpr&gt;)
       12    0.000    0.000    0.000    0.000 pyparsing.py:4735(&lt;lambda&gt;)
        2    0.000    0.000    0.003    0.002 pyparsing.py:4741(srange)
       97    0.000    0.000    0.000    0.000 pyparsing.py:4759(&lt;genexpr&gt;)
        6    0.000    0.000    0.000    0.000 pyparsing.py:4759(&lt;lambda&gt;)
        8    0.000    0.000    0.000    0.000 pyparsing.py:4761(&lt;genexpr&gt;)
        7    0.000    0.000    0.000    0.000 pyparsing.py:4803(tokenMap)
       83    0.000    0.000    0.000    0.000 pyparsing.py:483(haskeys)
        1    0.000    0.000    0.002    0.002 pyparsing.py:4853(_makeTags)
       94    0.000    0.000    0.000    0.000 pyparsing.py:4868(&lt;genexpr&gt;)
        1    0.000    0.000    0.002    0.002 pyparsing.py:4882(makeHTMLTags)
        1    0.000    0.000    0.001    0.001 pyparsing.py:5014(infixNotation)
        1    0.000    0.000    0.011    0.011 pyparsing.py:5377(pyparsing_common)
        6    0.000    0.000    0.000    0.000 pyparsing.py:540(get)
        1    0.000    0.000    0.025    0.025 pyparsing.py:61(&lt;module&gt;)
        2    0.000    0.000    0.000    0.000 pyparsing.py:621(__getattr__)
      155    0.000    0.000    0.000    0.000 pyparsing.py:640(__iadd__)
        5    0.000    0.000    0.000    0.000 pyparsing.py:643(&lt;lambda&gt;)
        5    0.000    0.000    0.000    0.000 pyparsing.py:645(&lt;listcomp&gt;)
       47    0.000    0.000    0.000    0.000 pyparsing.py:670(_asStringList)
     1409    0.004    0.000    0.011    0.000 pyparsing.py:732(copy)
       22    0.000    0.000    0.000    0.000 pyparsing.py:945(col)
       22    0.000    0.000    0.000    0.000 pyparsing.py:958(lineno)
        1    0.000    0.000    0.000    0.000 pyparsing_utils.py:1(&lt;module&gt;)
        3    0.000    0.000    0.000    0.000 pyparsing_utils.py:30(&lt;listcomp&gt;)
        9    0.000    0.000    0.000    0.000 pyparsing_utils.py:31(&lt;genexpr&gt;)
        3    0.000    0.000    0.003    0.001 pyparsing_utils.py:5(myOperatorPrecedence)
       53    0.000    0.000    0.005    0.000 re.py:222(compile)
       53    0.000    0.000    0.005    0.000 re.py:278(_compile)
       41    0.000    0.000    0.002    0.000 rewrite.py:149(_should_rewrite)
       42    0.001    0.000    0.009    0.000 rewrite.py:60(find_module)
        1    0.000    0.000    0.000    0.000 scoped_variables.py:1(&lt;module&gt;)
        1    0.000    0.000    0.000    0.000 separate_context.py:1(&lt;module&gt;)
        1    0.000    0.000    0.000    0.000 separate_context.py:5(SeparateContext)
        9    0.000    0.000    0.000    0.000 separate_context.py:7(__init__)
        1    0.000    0.000    0.001    0.001 seq.py:1(&lt;module&gt;)
        1    0.000    0.000    0.000    0.000 seq.py:14(Seq)
        1    0.000    0.000    0.001    0.001 sets.py:1(&lt;module&gt;)
        1    0.000    0.000    0.000    0.000 sets.py:6(ASet)
        1    0.000    0.000    0.000    0.000 simple_values.py:1(&lt;module&gt;)
        1    0.000    0.000    0.000    0.000 simple_values.py:38(SimpleRValue)
        1    0.000    0.000    0.000    0.000 simple_values.py:6(EqualTo)
        1    0.001    0.001    0.002    0.002 six.py:1(&lt;module&gt;)
        1    0.000    0.000    0.000    0.000 six.py:103(MovedModule)
       43    0.000    0.000    0.000    0.000 six.py:105(__init__)
        1    0.000    0.000    0.000    0.000 six.py:114(_resolve)
        1    0.000    0.000    0.000    0.000 six.py:124(_LazyModule)
        6    0.000    0.000    0.000    0.000 six.py:126(__init__)
        1    0.000    0.000    0.000    0.000 six.py:139(MovedAttribute)
       83    0.000    0.000    0.000    0.000 six.py:141(__init__)
        1    0.000    0.000    0.000    0.000 six.py:164(_SixMetaPathImporter)
        1    0.000    0.000    0.000    0.000 six.py:173(__init__)
       50    0.000    0.000    0.000    0.000 six.py:177(_add_module)
        5    0.000    0.000    0.000    0.000 six.py:181(_get_module)
        1    0.000    0.000    0.000    0.000 six.py:229(_MovedItems)
        1    0.000    0.000    0.000    0.000 six.py:320(Module_six_moves_urllib_parse)
        1    0.000    0.000    0.000    0.000 six.py:360(Module_six_moves_urllib_error)
        1    0.000    0.000    0.000    0.000 six.py:380(Module_six_moves_urllib_request)
        1    0.000    0.000    0.000    0.000 six.py:430(Module_six_moves_urllib_response)
        1    0.000    0.000    0.000    0.000 six.py:451(Module_six_moves_urllib_robotparser)
        1    0.000    0.000    0.000    0.000 six.py:469(Module_six_moves_urllib)
        8    0.000    0.000    0.000    0.000 six.py:75(_add_doc)
        1    0.000    0.000    0.000    0.000 six.py:80(_import_module)
        1    0.000    0.000    0.000    0.000 six.py:86(_LazyDescr)
      126    0.000    0.000    0.000    0.000 six.py:88(__init__)
        1    0.000    0.000    0.000    0.000 six.py:91(__get__)
       17    0.000    0.000    0.001    0.000 sre_compile.py:221(_compile_charset)
       17    0.001    0.000    0.001    0.000 sre_compile.py:248(_optimize_charset)
       11    0.000    0.000    0.000    0.000 sre_compile.py:374(_mk_bitmap)
       11    0.000    0.000    0.000    0.000 sre_compile.py:376(&lt;listcomp&gt;)
        4    0.000    0.000    0.000    0.000 sre_compile.py:386(_simple)
       11    0.000    0.000    0.001    0.000 sre_compile.py:412(_compile_info)
       22    0.000    0.000    0.000    0.000 sre_compile.py:513(isstring)
       11    0.000    0.000    0.001    0.000 sre_compile.py:516(_code)
       11    0.000    0.000    0.005    0.000 sre_compile.py:531(compile)
    15/11    0.000    0.000    0.001    0.000 sre_compile.py:64(_compile)
       15    0.000    0.000    0.000    0.000 sre_parse.py:105(__init__)
       12    0.000    0.000    0.000    0.000 sre_parse.py:153(__len__)
       24    0.000    0.000    0.000    0.000 sre_parse.py:157(__getitem__)
        4    0.000    0.000    0.000    0.000 sre_parse.py:161(__setitem__)
       11    0.000    0.000    0.000    0.000 sre_parse.py:165(append)
    19/15    0.000    0.000    0.000    0.000 sre_parse.py:167(getwidth)
       11    0.000    0.000    0.000    0.000 sre_parse.py:217(__init__)
      588    0.001    0.000    0.001    0.000 sre_parse.py:226(__next)
      577    0.000    0.000    0.000    0.000 sre_parse.py:242(match)
      577    0.000    0.000    0.001    0.000 sre_parse.py:247(get)
       26    0.000    0.000    0.000    0.000 sre_parse.py:276(tell)
        2    0.000    0.000    0.000    0.000 sre_parse.py:312(_class_escape)
       11    0.000    0.000    0.003    0.000 sre_parse.py:429(_parse_sub)
       11    0.002    0.000    0.003    0.000 sre_parse.py:491(_parse)
       11    0.000    0.000    0.000    0.000 sre_parse.py:70(__init__)
       22    0.000    0.000    0.000    0.000 sre_parse.py:75(groups)
       11    0.000    0.000    0.000    0.000 sre_parse.py:797(fix_flags)
       11    0.000    0.000    0.003    0.000 sre_parse.py:819(parse)
        1    0.000    0.000    0.001    0.001 strings.py:1(&lt;module&gt;)
        1    0.000    0.000    0.000    0.000 strings.py:45(String)
        1    0.000    0.000    0.000    0.000 strings.py:7(StringBase)
        1    0.000    0.000    0.000    0.000 suggester.py:1(&lt;module&gt;)
      602    0.003    0.000    0.003    0.000 suggester.py:10(longest_match)
      230    0.010    0.000    0.012    0.000 suggester.py:23(levenshtein)
       13    0.000    0.000    0.003    0.000 suggester.py:4(find_longest_match)
        4    0.000    0.000    0.012    0.003 suggester.py:44(find_best_match)
        4    0.000    0.000    0.012    0.003 suggester.py:45(&lt;listcomp&gt;)
       13    0.000    0.000    0.003    0.000 suggester.py:5(&lt;listcomp&gt;)
       11    0.000    0.000    0.000    0.000 suggester.py:50(default_message)
        3    0.000    0.000    0.006    0.002 suggester.py:54(create_suggester)
       11    0.000    0.000    0.015    0.001 suggester.py:65(find_match)
       11    0.000    0.000    0.016    0.001 suggester.py:78(parse_action)
        1    0.000    0.000    0.103    0.103 syntax.py:1(&lt;module&gt;)
        1    0.000    0.000    0.000    0.000 syntax.py:30(ParsingTmp)
       47    0.000    0.000    0.000    0.000 syntax.py:36(add_contract)
       35    0.000    0.000    0.000    0.000 syntax.py:40(add_keyword)
        3    0.000    0.000    0.001    0.000 tokenize.py:357(detect_encoding)
        5    0.000    0.000    0.001    0.000 tokenize.py:381(read_or_stop)
        5    0.000    0.000    0.000    0.000 tokenize.py:387(find_cookie)
        1    0.000    0.000    0.000    0.000 tokenize.py:450(open)
      108    0.001    0.000    0.009    0.000 traceback.py:196(extract_stack)
      324    0.000    0.000    0.000    0.000 traceback.py:239(__init__)
      324    0.001    0.000    0.004    0.000 traceback.py:279(line)
      432    0.000    0.000    0.000    0.000 traceback.py:286(walk_stack)
      108    0.002    0.000    0.008    0.000 traceback.py:313(extract)
        1    0.000    0.000    0.012    0.012 tuple.py:1(&lt;module&gt;)
        1    0.000    0.000    0.000    0.000 tuple.py:7(Tuple)
        1    0.000    0.000    0.001    0.001 types_misc.py:1(&lt;module&gt;)
       20    0.000    0.000    0.000    0.000 types_misc.py:36(parse_action)
       12    0.000    0.000    0.001    0.000 types_misc.py:38(parse)
        1    0.000    0.000    0.000    0.000 types_misc.py:58(Type)
        1    0.000    0.000    0.000    0.000 types_misc.py:7(CheckType)
       12    0.000    0.000    0.001    0.000 types_misc.py:9(__init__)
        8    0.000    0.000    0.000    0.000 typing.py:1010(__eq__)
        4    0.000    0.000    0.000    0.000 typing.py:830(_valid_for_check)
        2    0.000    0.000    0.000    0.000 typing.py:850(__extrahook__)
        2    0.000    0.000    0.000    0.000 typing.py:865(__extrahook__)
        1    0.000    0.000    0.000    0.000 utils.py:1(&lt;module&gt;)
        1    0.000    0.000    0.000    0.000 utils.py:239(ignore_typeerror)
      260    0.000    0.000    0.000    0.000 utils.py:47(check_isinstance)
        1    0.000    0.000    0.020    0.020 variables.py:1(&lt;module&gt;)
        1    0.000    0.000    0.000    0.000 variables.py:4(BindVariable)
        2    0.000    0.000    0.000    0.000 variables.py:44(parse_action)
        1    0.000    0.000    0.000    0.000 variables.py:57(VariableRef)
     3047    0.002    0.000    0.002    0.000 {built-in method __new__ of type object at 0x7fbc57620360}
       30    0.000    0.000    0.000    0.000 {built-in method _codecs.utf_8_decode}
       42    0.000    0.000    0.000    0.000 {built-in method _imp._fix_co_filename}
      168    0.000    0.000    0.000    0.000 {built-in method _imp.acquire_lock}
        6    0.000    0.000    0.000    0.000 {built-in method _imp.is_builtin}
       45    0.000    0.000    0.000    0.000 {built-in method _imp.is_frozen}
      238    0.000    0.000    0.000    0.000 {built-in method _imp.release_lock}
       11    0.000    0.000    0.000    0.000 {built-in method _sre.compile}
        3    0.000    0.000    0.000    0.000 {built-in method _stat.S_ISREG}
       84    0.000    0.000    0.000    0.000 {built-in method _thread.allocate_lock}
      140    0.000    0.000    0.000    0.000 {built-in method _thread.get_ident}
  127/124    0.002    0.000    0.016    0.000 {built-in method builtins.__build_class__}
        1    0.000    0.000    0.000    0.000 {built-in method builtins.__import__}
      717    0.000    0.000    0.001    0.000 {built-in method builtins.all}
       93    0.000    0.000    0.000    0.000 {built-in method builtins.any}
        5    0.000    0.000    0.000    0.000 {built-in method builtins.callable}
      106    0.000    0.000    0.000    0.000 {built-in method builtins.chr}
        1    0.000    0.000    0.000    0.000 {built-in method builtins.delattr}
     44/1    0.005    0.000    0.345    0.345 {built-in method builtins.exec}
     2265    0.001    0.000    0.001    0.000 {built-in method builtins.getattr}
        1    0.000    0.000    0.000    0.000 {built-in method builtins.globals}
     2187    0.002    0.000    0.002    0.000 {built-in method builtins.hasattr}
    17327    0.002    0.000    0.002    0.000 {built-in method builtins.hash}
    17929    0.002    0.000    0.002    0.000 {built-in method builtins.id}
    14481    0.003    0.000    0.005    0.000 {built-in method builtins.isinstance}
  717/675    0.000    0.000    0.001    0.000 {built-in method builtins.issubclass}
       14    0.000    0.000    0.000    0.000 {built-in method builtins.iter}
27428/27399    0.003    0.000    0.003    0.000 {built-in method builtins.len}
       54    0.000    0.000    0.000    0.000 {built-in method builtins.max}
     8402    0.002    0.000    0.002    0.000 {built-in method builtins.min}
      559    0.000    0.000    0.000    0.000 {built-in method builtins.ord}
       35    0.000    0.000    0.000    0.000 {built-in method builtins.repr}
      166    0.000    0.000    0.000    0.000 {built-in method builtins.setattr}
       52    0.000    0.000    0.000    0.000 {built-in method builtins.sum}
       84    0.000    0.000    0.000    0.000 {built-in method from_bytes}
        5    0.000    0.000    0.000    0.000 {built-in method io.open}
       42    0.004    0.000    0.004    0.000 {built-in method marshal.loads}
        3    0.000    0.000    0.000    0.000 {built-in method posix.listdir}
      448    0.003    0.000    0.003    0.000 {built-in method posix.stat}
      109    0.000    0.000    0.000    0.000 {built-in method sys._getframe}
      602    0.001    0.000    0.001    0.000 {method &apos;__reduce_ex__&apos; of &apos;object&apos; objects}
       23    0.000    0.000    0.000    0.000 {method &apos;__subclasses__&apos; of &apos;type&apos; objects}
        6    0.000    0.000    0.000    0.000 {method &apos;__subclasshook__&apos; of &apos;object&apos; objects}
        2    0.000    0.000    0.000    0.000 {method &apos;acquire&apos; of &apos;_thread.RLock&apos; objects}
      372    0.000    0.000    0.000    0.000 {method &apos;add&apos; of &apos;set&apos; objects}
     1853    0.000    0.000    0.000    0.000 {method &apos;append&apos; of &apos;list&apos; objects}
       31    0.001    0.000    0.001    0.000 {method &apos;clear&apos; of &apos;collections.OrderedDict&apos; objects}
        2    0.000    0.000    0.000    0.000 {method &apos;clear&apos; of &apos;dict&apos; objects}
        2    0.000    0.000    0.000    0.000 {method &apos;close&apos; of &apos;_io.TextIOWrapper&apos; objects}
     1409    0.001    0.000    0.001    0.000 {method &apos;copy&apos; of &apos;dict&apos; objects}
       22    0.000    0.000    0.000    0.000 {method &apos;count&apos; of &apos;str&apos; objects}
        5    0.000    0.000    0.000    0.000 {method &apos;decode&apos; of &apos;bytes&apos; objects}
        1    0.000    0.000    0.000    0.000 {method &apos;disable&apos; of &apos;_lsprof.Profiler&apos; objects}
        1    0.000    0.000    0.000    0.000 {method &apos;encode&apos; of &apos;str&apos; objects}
      270    0.000    0.000    0.000    0.000 {method &apos;end&apos; of &apos;_sre.SRE_Match&apos; objects}
      356    0.000    0.000    0.000    0.000 {method &apos;endswith&apos; of &apos;str&apos; objects}
       33    0.000    0.000    0.000    0.000 {method &apos;expandtabs&apos; of &apos;str&apos; objects}
      280    0.000    0.000    0.000    0.000 {method &apos;extend&apos; of &apos;list&apos; objects}
       77    0.000    0.000    0.000    0.000 {method &apos;find&apos; of &apos;bytearray&apos; objects}
      164    0.000    0.000    0.000    0.000 {method &apos;find&apos; of &apos;str&apos; objects}
      261    0.000    0.000    0.000    0.000 {method &apos;format&apos; of &apos;str&apos; objects}
    10324    0.006    0.000    0.014    0.000 {method &apos;get&apos; of &apos;dict&apos; objects}
       20    0.000    0.000    0.000    0.000 {method &apos;get&apos; of &apos;mappingproxy&apos; objects}
      270    0.000    0.000    0.000    0.000 {method &apos;group&apos; of &apos;_sre.SRE_Match&apos; objects}
      223    0.000    0.000    0.000    0.000 {method &apos;groupdict&apos; of &apos;_sre.SRE_Match&apos; objects}
       47    0.000    0.000    0.000    0.000 {method &apos;indices&apos; of &apos;slice&apos; objects}
        5    0.000    0.000    0.000    0.000 {method &apos;isidentifier&apos; of &apos;str&apos; objects}
      105    0.000    0.000    0.000    0.000 {method &apos;items&apos; of &apos;dict&apos; objects}
  922/913    0.001    0.000    0.006    0.000 {method &apos;join&apos; of &apos;str&apos; objects}
       12    0.000    0.000    0.000    0.000 {method &apos;keys&apos; of &apos;dict&apos; objects}
       12    0.000    0.000    0.000    0.000 {method &apos;lstrip&apos; of &apos;str&apos; objects}
      587    0.001    0.000    0.001    0.000 {method &apos;match&apos; of &apos;_sre.SRE_Pattern&apos; objects}
       52    0.000    0.000    0.000    0.000 {method &apos;pop&apos; of &apos;list&apos; objects}
     5653    0.002    0.000    0.002    0.000 {method &apos;popitem&apos; of &apos;collections.OrderedDict&apos; objects}
       42    0.001    0.000    0.001    0.000 {method &apos;read&apos; of &apos;_io.FileIO&apos; objects}
        5    0.001    0.000    0.001    0.000 {method &apos;readline&apos; of &apos;_io.BufferedReader&apos; objects}
        1    0.002    0.002    0.002    0.002 {method &apos;readlines&apos; of &apos;_io._IOBase&apos; objects}
        2    0.000    0.000    0.000    0.000 {method &apos;release&apos; of &apos;_thread.RLock&apos; objects}
        1    0.000    0.000    0.000    0.000 {method &apos;remove&apos; of &apos;list&apos; objects}
       20    0.000    0.000    0.000    0.000 {method &apos;remove&apos; of &apos;set&apos; objects}
     3233    0.001    0.000    0.001    0.000 {method &apos;replace&apos; of &apos;str&apos; objects}
      155    0.000    0.000    0.000    0.000 {method &apos;reverse&apos; of &apos;list&apos; objects}
       23    0.000    0.000    0.000    0.000 {method &apos;rfind&apos; of &apos;str&apos; objects}
      390    0.000    0.000    0.000    0.000 {method &apos;rpartition&apos; of &apos;str&apos; objects}
       42    0.000    0.000    0.000    0.000 {method &apos;rsplit&apos; of &apos;str&apos; objects}
      845    0.000    0.000    0.000    0.000 {method &apos;rstrip&apos; of &apos;str&apos; objects}
        1    0.000    0.000    0.000    0.000 {method &apos;seek&apos; of &apos;_io.BufferedReader&apos; objects}
      446    0.000    0.000    0.000    0.000 {method &apos;split&apos; of &apos;str&apos; objects}
        3    0.000    0.000    0.000    0.000 {method &apos;startswith&apos; of &apos;bytes&apos; objects}
    14363    0.003    0.000    0.003    0.000 {method &apos;startswith&apos; of &apos;str&apos; objects}
      365    0.000    0.000    0.000    0.000 {method &apos;strip&apos; of &apos;str&apos; objects}
        2    0.000    0.000    0.000    0.000 {method &apos;title&apos; of &apos;str&apos; objects}
       11    0.000    0.000    0.000    0.000 {method &apos;translate&apos; of &apos;bytearray&apos; objects}
     2166    0.001    0.000    0.001    0.000 {method &apos;update&apos; of &apos;dict&apos; objects}
       39    0.000    0.000    0.000    0.000 {method &apos;upper&apos; of &apos;str&apos; objects}
        1    0.000    0.000    0.000    0.000 {method &apos;values&apos; of &apos;dict&apos; objects}
        5    0.000    0.000    0.000    0.000 {method &apos;values&apos; of &apos;mappingproxy&apos; objects}


this is extremely slow !!!
</system-out>
    </testcase>
    <testcase classname="autoclass.tests.test_autocode_cl.TestAutoProps" file="autoclass/tests/test_autocode_cl.py" line="197" name="test_autoprops" time="0.024301528930664062" />
    <testcase classname="autoclass.tests.test_autocode_cl.TestAutoProps" file="autoclass/tests/test_autocode_cl.py" line="247" name="test_autoprops_exclude" time="0.004137754440307617" />
    <testcase classname="autoclass.tests.test_autocode_cl.TestAutoProps" file="autoclass/tests/test_autocode_cl.py" line="224" name="test_autoprops_include" time="0.003984689712524414" />
    <testcase classname="autoclass.tests.test_autocode_cl.TestAutoProps" file="autoclass/tests/test_autocode_cl.py" line="269" name="test_autoprops_include_exclude" time="0.0007314682006835938" />
    <testcase classname="autoclass.tests.test_autocode_cl.TestAutoProps" file="autoclass/tests/test_autocode_cl.py" line="364" name="test_autoprops_manual" time="0.004517555236816406" />
    <testcase classname="autoclass.tests.test_autocode_cl.TestAutoProps" file="autoclass/tests/test_autocode_cl.py" line="169" name="test_autoprops_no_contract" time="0.0022194385528564453" />
    <testcase classname="autoclass.tests.test_autocode_cl.TestAutoProps" file="autoclass/tests/test_autocode_cl.py" line="276" name="test_autoprops_override" time="0.017073631286621094">
      <system-out>Property &apos;b&apos; was set to &apos;[&apos;pie&apos;, &apos;pie2&apos;]&apos;
a is being read. Its value is &apos;rhubarb&apos;
Property &apos;b&apos; was set to &apos;[&apos;eh&apos;, &apos;oh&apos;]&apos;
</system-out>
    </testcase>
    <testcase classname="autoclass.tests.test_autocode_cl.TestAutoProps" file="autoclass/tests/test_autocode_cl.py" line="322" name="test_autoprops_override_exceptions" time="0.005780696868896484" />
    <testcase classname="autoclass.tests.test_autocode_cl.TestAutoProps" file="autoclass/tests/test_autocode_cl.py" line="391" name="test_autoprops_signature_preserving" time="0.0022978782653808594" />
    <testcase classname="autoclass.tests.test_autocode_cl.TestReadMe" file="autoclass/tests/test_autocode_cl.py" line="417" name="test_readme_old_way" time="0.0010361671447753906" />
    <testcase classname="autoclass.tests.test_autocode_cl.TestReadMe" file="autoclass/tests/test_autocode_cl.py" line="475" name="test_readme_pycontracts" time="0.07311749458312988" />
    <testcase classname="autoclass.tests.test_perf_startup.TestAContractsPerf" file="autoclass/tests/test_perf_startup.py" line="4" name="test_autoprop_contract_slow" time="0.0021486282348632812">
      <system-out>         5 function calls in 0.000 seconds

   Ordered by: standard name

   ncalls  tottime  percall  cumtime  percall filename:lineno(function)
        1    0.000    0.000    0.000    0.000 &lt;frozen importlib._bootstrap&gt;:996(_handle_fromlist)
        1    0.000    0.000    0.000    0.000 &lt;string&gt;:1(&lt;module&gt;)
        1    0.000    0.000    0.000    0.000 {built-in method builtins.exec}
        1    0.000    0.000    0.000    0.000 {built-in method builtins.hasattr}
        1    0.000    0.000    0.000    0.000 {method &apos;disable&apos; of &apos;_lsprof.Profiler&apos; objects}


this is extremely slow !!!
</system-out>
    </testcase>
  </testsuite>
</testsuites>
